{
  "uid" : "73849412527dc502",
  "name" : "exercise1FailedTest",
  "fullName" : "com.epam.tc.hw4.tests.ex1.Exercise1FailedTest.exercise1FailedTest",
  "historyId" : "1385df0b91471be584f90d943a617bd2",
  "time" : {
    "start" : 1645523803225,
    "stop" : 1645523804254,
    "duration" : 1029
  },
  "status" : "failed",
  "statusMessage" : "\nThe following assertion failed:\n1) Manually failed\nat Exercise1FailedTest.exercise1FailedTest(Exercise1FailedTest.java:25)\n",
  "statusTrace" : "org.assertj.core.api.SoftAssertionError: \nThe following assertion failed:\n1) Manually failed\nat Exercise1FailedTest.exercise1FailedTest(Exercise1FailedTest.java:25)\n\n\tat org.assertj.core.error.AssertionErrorCreator.multipleSoftAssertionsError(AssertionErrorCreator.java:100)\n\tat org.assertj.core.api.AbstractSoftAssertions.assertAll(AbstractSoftAssertions.java:37)\n\tat org.assertj.core.api.AbstractSoftAssertions.assertAll(AbstractSoftAssertions.java:42)\n\tat com.epam.tc.hw4.tests.ex1.Exercise1FailedTest.exercise1FailedTest(Exercise1FailedTest.java:34)\n\tat java.base/jdk.internal.reflect.NativeMethodAccessorImpl.invoke0(Native Method)\n\tat java.base/jdk.internal.reflect.NativeMethodAccessorImpl.invoke(NativeMethodAccessorImpl.java:62)\n\tat java.base/jdk.internal.reflect.DelegatingMethodAccessorImpl.invoke(DelegatingMethodAccessorImpl.java:43)\n\tat java.base/java.lang.reflect.Method.invoke(Method.java:566)\n\tat org.testng.internal.MethodInvocationHelper.invokeMethod(MethodInvocationHelper.java:133)\n\tat org.testng.internal.TestInvoker.invokeMethod(TestInvoker.java:598)\n\tat org.testng.internal.TestInvoker.invokeTestMethod(TestInvoker.java:173)\n\tat org.testng.internal.MethodRunner.runInSequence(MethodRunner.java:46)\n\tat org.testng.internal.TestInvoker$MethodInvocationAgent.invoke(TestInvoker.java:824)\n\tat org.testng.internal.TestInvoker.invokeTestMethods(TestInvoker.java:146)\n\tat org.testng.internal.TestMethodWorker.invokeTestMethods(TestMethodWorker.java:146)\n\tat org.testng.internal.TestMethodWorker.run(TestMethodWorker.java:128)\n\tat java.base/java.util.ArrayList.forEach(ArrayList.java:1541)\n\tat org.testng.TestRunner.privateRun(TestRunner.java:794)\n\tat org.testng.TestRunner.run(TestRunner.java:596)\n\tat org.testng.SuiteRunner.runTest(SuiteRunner.java:377)\n\tat org.testng.SuiteRunner.runSequentially(SuiteRunner.java:371)\n\tat org.testng.SuiteRunner.privateRun(SuiteRunner.java:332)\n\tat org.testng.SuiteRunner.run(SuiteRunner.java:276)\n\tat org.testng.SuiteRunnerWorker.runSuite(SuiteRunnerWorker.java:53)\n\tat org.testng.SuiteRunnerWorker.run(SuiteRunnerWorker.java:96)\n\tat org.testng.TestNG.runSuitesSequentially(TestNG.java:1212)\n\tat org.testng.TestNG.runSuitesLocally(TestNG.java:1134)\n\tat org.testng.TestNG.runSuites(TestNG.java:1063)\n\tat org.testng.TestNG.run(TestNG.java:1031)\n\tat org.apache.maven.surefire.testng.TestNGExecutor.run(TestNGExecutor.java:284)\n\tat org.apache.maven.surefire.testng.TestNGXmlTestSuite.execute(TestNGXmlTestSuite.java:75)\n\tat org.apache.maven.surefire.testng.TestNGProvider.invoke(TestNGProvider.java:119)\n\tat org.apache.maven.surefire.booter.ForkedBooter.runSuitesInProcess(ForkedBooter.java:428)\n\tat org.apache.maven.surefire.booter.ForkedBooter.execute(ForkedBooter.java:162)\n\tat org.apache.maven.surefire.booter.ForkedBooter.run(ForkedBooter.java:562)\n\tat org.apache.maven.surefire.booter.ForkedBooter.main(ForkedBooter.java:548)\n",
  "flaky" : false,
  "newFailed" : false,
  "beforeStages" : [ {
    "name" : "setUp",
    "time" : {
      "start" : 1645523802490,
      "stop" : 1645523803214,
      "duration" : 724
    },
    "description" : "",
    "status" : "passed",
    "steps" : [ {
      "name" : "1. Open test site by URL",
      "time" : {
        "start" : 1645523802818,
        "stop" : 1645523803214,
        "duration" : 396
      },
      "status" : "passed",
      "steps" : [ ],
      "attachments" : [ ],
      "parameters" : [ ],
      "stepsCount" : 0,
      "attachmentsCount" : 0,
      "shouldDisplayMessage" : false,
      "hasContent" : false
    } ],
    "attachments" : [ ],
    "parameters" : [ ],
    "stepsCount" : 1,
    "attachmentsCount" : 0,
    "shouldDisplayMessage" : false,
    "hasContent" : true
  } ],
  "testStage" : {
    "status" : "failed",
    "statusMessage" : "\nThe following assertion failed:\n1) Manually failed\nat Exercise1FailedTest.exercise1FailedTest(Exercise1FailedTest.java:25)\n",
    "statusTrace" : "org.assertj.core.api.SoftAssertionError: \nThe following assertion failed:\n1) Manually failed\nat Exercise1FailedTest.exercise1FailedTest(Exercise1FailedTest.java:25)\n\n\tat org.assertj.core.error.AssertionErrorCreator.multipleSoftAssertionsError(AssertionErrorCreator.java:100)\n\tat org.assertj.core.api.AbstractSoftAssertions.assertAll(AbstractSoftAssertions.java:37)\n\tat org.assertj.core.api.AbstractSoftAssertions.assertAll(AbstractSoftAssertions.java:42)\n\tat com.epam.tc.hw4.tests.ex1.Exercise1FailedTest.exercise1FailedTest(Exercise1FailedTest.java:34)\n\tat java.base/jdk.internal.reflect.NativeMethodAccessorImpl.invoke0(Native Method)\n\tat java.base/jdk.internal.reflect.NativeMethodAccessorImpl.invoke(NativeMethodAccessorImpl.java:62)\n\tat java.base/jdk.internal.reflect.DelegatingMethodAccessorImpl.invoke(DelegatingMethodAccessorImpl.java:43)\n\tat java.base/java.lang.reflect.Method.invoke(Method.java:566)\n\tat org.testng.internal.MethodInvocationHelper.invokeMethod(MethodInvocationHelper.java:133)\n\tat org.testng.internal.TestInvoker.invokeMethod(TestInvoker.java:598)\n\tat org.testng.internal.TestInvoker.invokeTestMethod(TestInvoker.java:173)\n\tat org.testng.internal.MethodRunner.runInSequence(MethodRunner.java:46)\n\tat org.testng.internal.TestInvoker$MethodInvocationAgent.invoke(TestInvoker.java:824)\n\tat org.testng.internal.TestInvoker.invokeTestMethods(TestInvoker.java:146)\n\tat org.testng.internal.TestMethodWorker.invokeTestMethods(TestMethodWorker.java:146)\n\tat org.testng.internal.TestMethodWorker.run(TestMethodWorker.java:128)\n\tat java.base/java.util.ArrayList.forEach(ArrayList.java:1541)\n\tat org.testng.TestRunner.privateRun(TestRunner.java:794)\n\tat org.testng.TestRunner.run(TestRunner.java:596)\n\tat org.testng.SuiteRunner.runTest(SuiteRunner.java:377)\n\tat org.testng.SuiteRunner.runSequentially(SuiteRunner.java:371)\n\tat org.testng.SuiteRunner.privateRun(SuiteRunner.java:332)\n\tat org.testng.SuiteRunner.run(SuiteRunner.java:276)\n\tat org.testng.SuiteRunnerWorker.runSuite(SuiteRunnerWorker.java:53)\n\tat org.testng.SuiteRunnerWorker.run(SuiteRunnerWorker.java:96)\n\tat org.testng.TestNG.runSuitesSequentially(TestNG.java:1212)\n\tat org.testng.TestNG.runSuitesLocally(TestNG.java:1134)\n\tat org.testng.TestNG.runSuites(TestNG.java:1063)\n\tat org.testng.TestNG.run(TestNG.java:1031)\n\tat org.apache.maven.surefire.testng.TestNGExecutor.run(TestNGExecutor.java:284)\n\tat org.apache.maven.surefire.testng.TestNGXmlTestSuite.execute(TestNGXmlTestSuite.java:75)\n\tat org.apache.maven.surefire.testng.TestNGProvider.invoke(TestNGProvider.java:119)\n\tat org.apache.maven.surefire.booter.ForkedBooter.runSuitesInProcess(ForkedBooter.java:428)\n\tat org.apache.maven.surefire.booter.ForkedBooter.execute(ForkedBooter.java:162)\n\tat org.apache.maven.surefire.booter.ForkedBooter.run(ForkedBooter.java:562)\n\tat org.apache.maven.surefire.booter.ForkedBooter.main(ForkedBooter.java:548)\n",
    "steps" : [ {
      "name" : "2. Assert Browser title",
      "time" : {
        "start" : 1645523803226,
        "stop" : 1645523803230,
        "duration" : 4
      },
      "status" : "passed",
      "steps" : [ ],
      "attachments" : [ ],
      "parameters" : [ {
        "name" : "title",
        "value" : "Home Page"
      } ],
      "stepsCount" : 0,
      "attachmentsCount" : 0,
      "shouldDisplayMessage" : false,
      "hasContent" : true
    }, {
      "name" : "3. Perform login",
      "time" : {
        "start" : 1645523803232,
        "stop" : 1645523803606,
        "duration" : 374
      },
      "status" : "passed",
      "steps" : [ ],
      "attachments" : [ ],
      "parameters" : [ {
        "name" : "name",
        "value" : "Roman"
      }, {
        "name" : "pass",
        "value" : "Jdi1234"
      } ],
      "stepsCount" : 0,
      "attachmentsCount" : 0,
      "shouldDisplayMessage" : false,
      "hasContent" : true
    }, {
      "name" : "4. Assert ROMAN IOVLEV is logged in",
      "time" : {
        "start" : 1645523803607,
        "stop" : 1645523803638,
        "duration" : 31
      },
      "status" : "passed",
      "steps" : [ ],
      "attachments" : [ ],
      "parameters" : [ {
        "name" : "username",
        "value" : "ROMAN IOVLEV"
      } ],
      "stepsCount" : 0,
      "attachmentsCount" : 0,
      "shouldDisplayMessage" : false,
      "hasContent" : true
    }, {
      "name" : "5. Assert that there are 4 items on the header section are displayed and they have proper texts",
      "time" : {
        "start" : 1645523803638,
        "stop" : 1645523803743,
        "duration" : 105
      },
      "status" : "passed",
      "steps" : [ ],
      "attachments" : [ ],
      "parameters" : [ {
        "name" : "headerItemsText",
        "value" : "[HOME, CONTACT FORM, SERVICE, METALS & COLORS]"
      } ],
      "stepsCount" : 0,
      "attachmentsCount" : 0,
      "shouldDisplayMessage" : false,
      "hasContent" : true
    }, {
      "name" : "6. Assert that there are 4 images on the Index Page and they are displayed",
      "time" : {
        "start" : 1645523803744,
        "stop" : 1645523803806,
        "duration" : 62
      },
      "status" : "passed",
      "steps" : [ ],
      "attachments" : [ ],
      "parameters" : [ {
        "name" : "imgCount",
        "value" : "4"
      } ],
      "stepsCount" : 0,
      "attachmentsCount" : 0,
      "shouldDisplayMessage" : false,
      "hasContent" : true
    }, {
      "name" : "7. Assert that there are 4 texts on the Index Page under icons and they have proper text",
      "time" : {
        "start" : 1645523803807,
        "stop" : 1645523803923,
        "duration" : 116
      },
      "status" : "passed",
      "steps" : [ ],
      "attachments" : [ ],
      "parameters" : [ {
        "name" : "underImagesText",
        "value" : "[To include good practices\nand ideas from successful\nEPAM project, To be flexible and\ncustomizable, To be multiplatform, Already have good base\n(about 20 internal and\nsome external projects),\nwish to get more…]"
      } ],
      "stepsCount" : 0,
      "attachmentsCount" : 0,
      "shouldDisplayMessage" : false,
      "hasContent" : true
    }, {
      "name" : "8. Assert that there is the iframe with “Frame Button” exist",
      "time" : {
        "start" : 1645523803926,
        "stop" : 1645523803955,
        "duration" : 29
      },
      "status" : "passed",
      "steps" : [ ],
      "attachments" : [ ],
      "parameters" : [ {
        "name" : "frame",
        "value" : "com.epam.tc.hw4.pages.home.FrameWithButton@51115b76"
      } ],
      "stepsCount" : 0,
      "attachmentsCount" : 0,
      "shouldDisplayMessage" : false,
      "hasContent" : true
    }, {
      "name" : "9. Switch to the iframe and check that there is “Frame Button” in the iframe",
      "time" : {
        "start" : 1645523803955,
        "stop" : 1645523804000,
        "duration" : 45
      },
      "status" : "passed",
      "steps" : [ ],
      "attachments" : [ ],
      "parameters" : [ {
        "name" : "frame",
        "value" : "com.epam.tc.hw4.pages.home.FrameWithButton@51115b76"
      } ],
      "stepsCount" : 0,
      "attachmentsCount" : 0,
      "shouldDisplayMessage" : false,
      "hasContent" : true
    }, {
      "name" : "10. Switch to original window back",
      "time" : {
        "start" : 1645523804000,
        "stop" : 1645523804009,
        "duration" : 9
      },
      "status" : "passed",
      "steps" : [ ],
      "attachments" : [ ],
      "parameters" : [ {
        "name" : "frame",
        "value" : "com.epam.tc.hw4.pages.home.FrameWithButton@51115b76"
      } ],
      "stepsCount" : 0,
      "attachmentsCount" : 0,
      "shouldDisplayMessage" : false,
      "hasContent" : true
    }, {
      "name" : "11. Assert that there are 5 items in the Left Section are displayed and they have proper text",
      "time" : {
        "start" : 1645523804009,
        "stop" : 1645523804160,
        "duration" : 151
      },
      "status" : "passed",
      "steps" : [ ],
      "attachments" : [ ],
      "parameters" : [ {
        "name" : "leftMenuItemsText",
        "value" : "[Home, Contact form, Service, Metals & Colors, Elements packs]"
      } ],
      "stepsCount" : 0,
      "attachmentsCount" : 0,
      "shouldDisplayMessage" : false,
      "hasContent" : true
    } ],
    "attachments" : [ {
      "uid" : "4f707d2c0213d3a3",
      "name" : "Page screenshot",
      "source" : "4f707d2c0213d3a3.png",
      "type" : "image/png",
      "size" : 34230
    } ],
    "parameters" : [ ],
    "stepsCount" : 10,
    "attachmentsCount" : 1,
    "shouldDisplayMessage" : true,
    "hasContent" : true
  },
  "afterStages" : [ {
    "name" : "tearDown",
    "time" : {
      "start" : 1645523804256,
      "stop" : 1645523804322,
      "duration" : 66
    },
    "description" : "",
    "status" : "passed",
    "steps" : [ {
      "name" : "Close Browser",
      "time" : {
        "start" : 1645523804256,
        "stop" : 1645523804322,
        "duration" : 66
      },
      "status" : "passed",
      "steps" : [ ],
      "attachments" : [ ],
      "parameters" : [ ],
      "stepsCount" : 0,
      "attachmentsCount" : 0,
      "shouldDisplayMessage" : false,
      "hasContent" : false
    } ],
    "attachments" : [ ],
    "parameters" : [ ],
    "stepsCount" : 1,
    "attachmentsCount" : 0,
    "shouldDisplayMessage" : false,
    "hasContent" : true
  } ],
  "labels" : [ {
    "name" : "package",
    "value" : "com.epam.tc.hw4.tests.ex1.Exercise1FailedTest"
  }, {
    "name" : "testClass",
    "value" : "com.epam.tc.hw4.tests.ex1.Exercise1FailedTest"
  }, {
    "name" : "testMethod",
    "value" : "exercise1FailedTest"
  }, {
    "name" : "parentSuite",
    "value" : "All Exercises Test Suite"
  }, {
    "name" : "suite",
    "value" : "All Exercises Test"
  }, {
    "name" : "subSuite",
    "value" : "com.epam.tc.hw4.tests.ex1.Exercise1FailedTest"
  }, {
    "name" : "host",
    "value" : "fv-az121-299"
  }, {
    "name" : "thread",
    "value" : "2255@fv-az121-299.main(1)"
  }, {
    "name" : "framework",
    "value" : "testng"
  }, {
    "name" : "language",
    "value" : "java"
  }, {
    "name" : "story",
    "value" : "Exercise1"
  }, {
    "name" : "feature",
    "value" : "Home page"
  }, {
    "name" : "resultFormat",
    "value" : "allure2"
  } ],
  "parameters" : [ {
    "name" : "arg0",
    "value" : "Roman"
  }, {
    "name" : "arg1",
    "value" : "Jdi1234"
  }, {
    "name" : "arg2",
    "value" : "ROMAN IOVLEV"
  }, {
    "name" : "arg3",
    "value" : "Home Page"
  }, {
    "name" : "arg4",
    "value" : "[HOME, CONTACT FORM, SERVICE, METALS & COLORS]"
  }, {
    "name" : "arg5",
    "value" : "4"
  }, {
    "name" : "arg6",
    "value" : "[To include good practices\nand ideas from successful\nEPAM project, To be flexible and\ncustomizable, To be multiplatform, Already have good base\n(about 20 internal and\nsome external projects),\nwish to get more…]"
  }, {
    "name" : "arg7",
    "value" : "[Home, Contact form, Service, Metals & Colors, Elements packs]"
  } ],
  "links" : [ ],
  "hidden" : false,
  "retry" : false,
  "extra" : {
    "severity" : "normal",
    "retries" : [ ],
    "categories" : [ {
      "name" : "Product defects",
      "matchedStatuses" : [ ],
      "flaky" : false
    } ],
    "tags" : [ ]
  },
  "source" : "73849412527dc502.json",
  "parameterValues" : [ "Roman", "Jdi1234", "ROMAN IOVLEV", "Home Page", "[HOME, CONTACT FORM, SERVICE, METALS & COLORS]", "4", "[To include good practices\nand ideas from successful\nEPAM project, To be flexible and\ncustomizable, To be multiplatform, Already have good base\n(about 20 internal and\nsome external projects),\nwish to get more…]", "[Home, Contact form, Service, Metals & Colors, Elements packs]" ]
}